
--- eigenvalues ---

index / eig(ScaLapackLite) / eig(LAPACK) / | eig(ScaLapackLite)-eig(LAPACK) |
  001 / -1.0659641 + i  0.0000000 / -1.0659641 + i  0.0000000 /  0.0000000
  002 / -0.8321923 + i  0.0000000 / -0.8321923 + i  0.0000000 /  0.0000000
  003 / -0.4918444 + i  0.0000000 / -0.4918444 + i  0.0000000 /  0.0000000
  004 / -0.4719842 + i  0.5065465 / -0.4719842 + i  0.5065465 /  0.0000000
  005 / -0.4719842 + i -0.5065465 / -0.4719842 + i -0.5065465 /  0.0000000
  006 / -0.3138417 + i  0.7446566 / -0.3138417 + i  0.7446566 /  0.0000000
  007 / -0.3138417 + i -0.7446566 / -0.3138417 + i -0.7446566 /  0.0000000
  008 / -0.0966693 + i  0.6014953 / -0.0966693 + i  0.6014953 /  0.0000000
  009 / -0.0966693 + i -0.6014953 / -0.0966693 + i -0.6014953 /  0.0000000
  010 /  0.0496841 + i  0.0000000 /  0.0496841 + i  0.0000000 /  0.0000000
  011 /  0.1541541 + i  1.1549314 /  0.1541541 + i  1.1549314 /  0.0000000
  012 /  0.1541541 + i -1.1549314 /  0.1541541 + i -1.1549314 /  0.0000000
  013 /  0.4337532 + i  0.6039049 /  0.4337532 + i  0.6039049 /  0.0000000
  014 /  0.4337532 + i -0.6039049 /  0.4337532 + i -0.6039049 /  0.0000000
  015 /  0.7143849 + i  0.4578067 /  0.7143849 + i  0.4578067 /  0.0000000
  016 /  0.7143849 + i -0.4578067 /  0.7143849 + i -0.4578067 /  0.0000000
  017 /  0.8118056 + i  0.1394661 /  0.8118056 + i  0.1394661 /  0.0000000
  018 /  0.8118056 + i -0.1394661 /  0.8118056 + i -0.1394661 /  0.0000000
  019 /  0.9533093 + i  0.0000000 /  0.9533093 + i  0.0000000 /  0.0000000
  020 /  9.9844990 + i  0.0000000 /  9.9844990 + i  0.0000000 /  0.0000000


--- Schur / eigen vectors ---

Frobenius norm: || Z * T * Z^H - A ||_{2} =  0.0000000

[1-th vec]:

index / Schur vector (ScaLapackLite) / eig vector (LAPACK)
  001 / -0.2270606 / -0.3023902 + i  0.0000000
  002 /  0.0878731 /  0.0329114 + i  0.0000000
  003 /  0.0867127 /  0.0628917 + i  0.0000000
  004 /  0.1427545 /  0.1934598 + i  0.0000000
  005 /  0.0270416 /  0.0014248 + i  0.0000000
  006 / -0.2907511 / -0.3343276 + i  0.0000000
  007 /  0.1879262 /  0.2068949 + i  0.0000000
  008 /  0.0628767 /  0.1259134 + i  0.0000000
  009 / -0.1413410 / -0.2538110 + i  0.0000000
  010 / -0.1988787 / -0.1156952 + i  0.0000000
  011 / -0.4797028 / -0.4247226 + i  0.0000000
  012 / -0.0536714 / -0.1444484 + i  0.0000000
  013 /  0.1148752 /  0.1740862 + i  0.0000000
  014 /  0.1473029 /  0.2000885 + i  0.0000000
  015 / -0.3450285 / -0.2091581 + i  0.0000000
  016 / -0.0795359 /  0.0140492 + i  0.0000000
  017 /  0.0705689 / -0.0196010 + i  0.0000000
  018 /  0.0054130 /  0.1573694 + i  0.0000000
  019 /  0.4854849 /  0.5123252 + i  0.0000000
  020 /  0.3078820 /  0.1211856 + i  0.0000000


[2-th vec]:

index / Schur vector (ScaLapackLite) / eig vector (LAPACK)
  001 /  0.3307060 /  0.2912020 + i  0.0000000
  002 /  0.1577626 / -0.1073847 + i  0.0000000
  003 /  0.0475266 /  0.2010309 + i  0.0000000
  004 / -0.1007778 /  0.1582810 + i  0.0000000
  005 / -0.1333389 / -0.1965743 + i  0.0000000
  006 /  0.2074916 /  0.0079956 + i  0.0000000
  007 / -0.0486636 / -0.0811278 + i  0.0000000
  008 /  0.4526163 /  0.4573471 + i  0.0000000
  009 / -0.1249424 / -0.0130884 + i  0.0000000
  010 / -0.1275864 / -0.0835761 + i  0.0000000
  011 / -0.5790599 / -0.2955112 + i  0.0000000
  012 /  0.2612830 /  0.1065464 + i  0.0000000
  013 /  0.1164636 / -0.0793495 + i  0.0000000
  014 / -0.1157509 /  0.1820492 + i  0.0000000
  015 /  0.1898969 /  0.0000901 + i  0.0000000
  016 / -0.0953692 /  0.0975067 + i  0.0000000
  017 / -0.1633015 /  0.2995327 + i  0.0000000
  018 /  0.0586703 /  0.0206182 + i  0.0000000
  019 / -0.1332787 / -0.5351929 + i  0.0000000
  020 / -0.1726525 / -0.2288943 + i  0.0000000


[3-th vec]:

index / Schur vector (ScaLapackLite) / eig vector (LAPACK)
  001 /  0.1717827 / -0.2893493 + i  0.0000000
  002 / -0.0752161 / -0.0799580 + i  0.0000000
  003 /  0.1422430 /  0.1246327 + i  0.0000000
  004 / -0.0005754 / -0.0224119 + i  0.0000000
  005 / -0.6406340 / -0.3334744 + i  0.0000000
  006 / -0.2497162 / -0.0108849 + i  0.0000000
  007 / -0.1793204 / -0.1227564 + i  0.0000000
  008 / -0.0462327 /  0.4006525 + i  0.0000000
  009 /  0.0048088 / -0.3321712 + i  0.0000000
  010 /  0.1972920 /  0.1996000 + i  0.0000000
  011 /  0.0749684 / -0.0330320 + i  0.0000000
  012 /  0.1421644 / -0.2011686 + i  0.0000000
  013 /  0.0482633 /  0.0834084 + i  0.0000000
  014 / -0.4042445 /  0.0539001 + i  0.0000000
  015 /  0.0899120 / -0.2127941 + i  0.0000000
  016 /  0.1698491 / -0.0115641 + i  0.0000000
  017 /  0.2393781 /  0.2131606 + i  0.0000000
  018 / -0.0044592 /  0.3275248 + i  0.0000000
  019 /  0.3295333 /  0.4055742 + i  0.0000000
  020 /  0.0645636 / -0.2066819 + i  0.0000000


[4-th vec]:

index / Schur vector (ScaLapackLite) / eig vector (LAPACK)
  001 /  0.1660449 / -0.1274909 + i -0.2567245
  002 / -0.1314848 / -0.1922544 + i  0.1685936
  003 /  0.3865213 /  0.1414313 + i -0.1763227
  004 / -0.0383518 /  0.0563686 + i -0.1168590
  005 / -0.1222860 / -0.0213223 + i  0.0274201
  006 /  0.3701609 / -0.1499568 + i  0.0753466
  007 / -0.2893916 /  0.2551720 + i  0.1315338
  008 / -0.3427989 /  0.3492366 + i  0.0000000
  009 /  0.1860540 / -0.1559074 + i -0.1037772
  010 / -0.1340982 / -0.1411761 + i  0.0034213
  011 / -0.1328826 / -0.1249014 + i -0.0288517
  012 / -0.1312970 / -0.1189905 + i  0.0299244
  013 /  0.0585648 / -0.3024595 + i -0.1021068
  014 /  0.2889163 /  0.0316155 + i -0.2585718
  015 / -0.2878742 / -0.0127006 + i  0.1128119
  016 /  0.0524949 /  0.2217178 + i  0.0588872
  017 /  0.0227487 /  0.2665706 + i -0.1211877
  018 /  0.2899341 /  0.0634318 + i  0.1700293
  019 /  0.1587374 / -0.1001464 + i  0.1084166
  020 / -0.2850229 /  0.2070740 + i  0.2136499


[5-th vec]:

index / Schur vector (ScaLapackLite) / eig vector (LAPACK)
  001 / -0.2415516 / -0.1274909 + i  0.2567245
  002 / -0.4034959 / -0.1922544 + i -0.1685936
  003 /  0.1234159 /  0.1414313 + i  0.1763227
  004 /  0.0859683 /  0.0563686 + i  0.1168590
  005 / -0.3862798 / -0.0213223 + i -0.0274201
  006 / -0.0107173 / -0.1499568 + i -0.0753466
  007 /  0.0772884 /  0.2551720 + i -0.1315338
  008 /  0.1107977 /  0.3492366 + i  -0.0000000
  009 / -0.0823321 / -0.1559074 + i  0.1037772
  010 / -0.0620793 / -0.1411761 + i -0.0034213
  011 /  0.0807217 / -0.1249014 + i  0.0288517
  012 /  0.4040232 / -0.1189905 + i -0.0299244
  013 / -0.0302654 / -0.3024595 + i  0.1021068
  014 /  0.4817480 /  0.0316155 + i  0.2585718
  015 /  0.0639820 / -0.0127006 + i -0.1128119
  016 / -0.2596464 /  0.2217178 + i -0.0588872
  017 /  0.1178287 /  0.2665706 + i  0.1211877
  018 /  0.0035962 /  0.0634318 + i -0.1700293
  019 / -0.2730694 / -0.1001464 + i -0.1084166
  020 /  0.1236595 /  0.2070740 + i -0.2136499


[6-th vec]:

index / Schur vector (ScaLapackLite) / eig vector (LAPACK)
  001 / -0.1970121 / -0.1472936 + i -0.0272899
  002 /  0.0749686 /  0.0515663 + i  0.0910148
  003 / -0.1708159 / -0.1645666 + i -0.0894873
  004 / -0.1686835 / -0.0319923 + i -0.0955494
  005 /  0.0275400 / -0.0753030 + i -0.1882160
  006 / -0.0824618 /  0.1240845 + i  0.1268870
  007 / -0.2849553 / -0.0023972 + i -0.0505894
  008 /  0.3500624 /  0.0043193 + i  0.1401237
  009 /  0.3572595 / -0.0720764 + i  0.0431098
  010 /  0.1943894 /  0.4058781 + i  0.0000000
  011 /  0.1872006 /  0.1184787 + i  0.0931482
  012 /  0.0446552 /  0.1094954 + i -0.2793798
  013 /  0.3955034 /  0.2525976 + i  0.0610631
  014 / -0.0435571 / -0.0152359 + i  0.1776945
  015 / -0.2717547 / -0.1698329 + i  0.1495580
  016 / -0.4471832 / -0.3354837 + i -0.1760680
  017 /  0.0157249 / -0.2759635 + i -0.0773813
  018 /  0.1290253 /  0.0149442 + i -0.1741931
  019 /  0.1084577 /  0.1997858 + i  0.2044286
  020 / -0.1528755 / -0.2308051 + i  0.0150752


[7-th vec]:

index / Schur vector (ScaLapackLite) / eig vector (LAPACK)
  001 / -0.0467673 / -0.1472936 + i  0.0272899
  002 / -0.2740534 /  0.0515663 + i -0.0910148
  003 / -0.2101172 / -0.1645666 + i  0.0894873
  004 / -0.1156134 / -0.0319923 + i  0.0955494
  005 /  0.2118169 / -0.0753030 + i  0.1882160
  006 / -0.0108341 /  0.1240845 + i -0.1268870
  007 /  0.1333664 / -0.0023972 + i  0.0505894
  008 / -0.3880155 /  0.0043193 + i -0.1401237
  009 / -0.1017939 / -0.0720764 + i -0.0431098
  010 / -0.0754955 /  0.4058781 + i  -0.0000000
  011 / -0.0614993 /  0.1184787 + i -0.0931482
  012 /  0.5058556 /  0.1094954 + i  0.2793798
  013 /  0.3856184 /  0.2525976 + i -0.0610631
  014 / -0.2873548 / -0.0152359 + i -0.1776945
  015 / -0.1200704 / -0.1698329 + i -0.1495580
  016 /  0.1386723 / -0.3354837 + i  0.1760680
  017 / -0.0995021 / -0.2759635 + i  0.0773813
  018 /  0.3109949 /  0.0149442 + i  0.1741931
  019 / -0.0606513 /  0.1997858 + i -0.2044286
  020 /  0.0302239 / -0.2308051 + i -0.0150752


[8-th vec]:

index / Schur vector (ScaLapackLite) / eig vector (LAPACK)
  001 /  0.3808078 /  0.4149527 + i  0.0000000
  002 / -0.4100896 / -0.0631114 + i -0.1791230
  003 /  0.1863767 / -0.0185559 + i  0.1743461
  004 /  0.3243056 /  0.1127398 + i -0.0298950
  005 /  0.0707697 /  0.0227044 + i  0.0767297
  006 / -0.0809853 / -0.2747905 + i -0.0353487
  007 /  0.3112164 / -0.0008434 + i  0.1764659
  008 /  0.1902801 / -0.0556105 + i  0.2737791
  009 /  0.0907290 /  0.2595251 + i -0.1540278
  010 / -0.2978056 / -0.1215012 + i -0.0536182
  011 /  0.2649022 / -0.0122200 + i -0.0452517
  012 / -0.0905377 / -0.0524097 + i -0.1381872
  013 /  0.0944831 /  0.1888486 + i -0.1416825
  014 / -0.2079209 /  0.1567500 + i -0.0759446
  015 / -0.1284440 / -0.0342635 + i -0.2213216
  016 / -0.2052360 /  0.0006747 + i  0.2474959
  017 / -0.2367354 /  0.0511906 + i  0.2470603
  018 / -0.1519875 / -0.3428387 + i  0.1038796
  019 /  0.1263311 / -0.1655092 + i -0.0715567
  020 / -0.1452619 / -0.0163538 + i -0.0061911


[9-th vec]:

index / Schur vector (ScaLapackLite) / eig vector (LAPACK)
  001 / -0.0725059 /  0.4149527 + i  -0.0000000
  002 /  0.0216825 / -0.0631114 + i  0.1791230
  003 / -0.0905763 / -0.0185559 + i -0.1743461
  004 /  0.0300646 /  0.1127398 + i  0.0298950
  005 / -0.1185840 /  0.0227044 + i -0.0767297
  006 /  0.4237070 / -0.2747905 + i  0.0353487
  007 /  0.1742142 / -0.0008434 + i -0.1764659
  008 /  0.2429766 / -0.0556105 + i -0.2737791
  009 / -0.3767057 /  0.2595251 + i  0.1540278
  010 / -0.0590347 / -0.1215012 + i  0.0536182
  011 /  0.1532014 / -0.0122200 + i  0.0452517
  012 / -0.1733023 / -0.0524097 + i  0.1381872
  013 /  0.2350994 /  0.1888486 + i  0.1416825
  014 / -0.1375531 /  0.1567500 + i  0.0759446
  015 / -0.3740083 / -0.0342635 + i  0.2213216
  016 /  0.1986029 /  0.0006747 + i -0.2474959
  017 /  0.4680362 /  0.0511906 + i -0.2470603
  018 / -0.0697408 / -0.3428387 + i -0.1038796
  019 / -0.1521636 / -0.1655092 + i  0.0715567
  020 / -0.0519323 / -0.0163538 + i  0.0061911


[10-th vec]:

index / Schur vector (ScaLapackLite) / eig vector (LAPACK)
  001 /  0.0910983 /  0.2989075 + i  0.0000000
  002 /  0.1812318 / -0.0548559 + i  0.0000000
  003 /  0.0443752 /  0.0490014 + i  0.0000000
  004 / -0.2045004 / -0.1128576 + i  0.0000000
  005 / -0.0121850 /  0.2839787 + i  0.0000000
  006 / -0.1270518 / -0.2291917 + i  0.0000000
  007 /  0.4819729 /  0.2231710 + i  0.0000000
  008 / -0.2515385 /  0.0313809 + i  0.0000000
  009 /  0.0180421 /  0.3665878 + i  0.0000000
  010 / -0.0403464 / -0.5817335 + i  0.0000000
  011 / -0.0415223 /  0.1720739 + i  0.0000000
  012 / -0.0737963 / -0.2094020 + i  0.0000000
  013 / -0.0498261 /  0.1439675 + i  0.0000000
  014 / -0.0430201 / -0.1120109 + i  0.0000000
  015 /  0.2132230 /  0.2470643 + i  0.0000000
  016 / -0.4458269 / -0.1627884 + i  0.0000000
  017 /  0.4550883 / -0.0160811 + i  0.0000000
  018 /  0.1991728 /  0.0363696 + i  0.0000000
  019 /  0.0063603 / -0.1502241 + i  0.0000000
  020 / -0.3141790 /  0.1316158 + i  0.0000000


[11-th vec]:

index / Schur vector (ScaLapackLite) / eig vector (LAPACK)
  001 / -0.1710342 / -0.0225749 + i -0.1395610
  002 / -0.0999305 / -0.1541793 + i  0.0127265
  003 /  0.3883392 /  0.1047253 + i  0.2916793
  004 /  0.2658080 /  0.1791237 + i  0.1284537
  005 /  0.2494070 /  0.2802611 + i  0.0476209
  006 / -0.2419563 / -0.1335636 + i -0.1315392
  007 / -0.0286315 / -0.2639935 + i  0.1517277
  008 /  0.0739013 /  0.1063674 + i  0.0005905
  009 /  0.2289675 /  0.0711674 + i  0.1672492
  010 /  0.2707297 / -0.1066207 + i  0.3231487
  011 / -0.2824854 / -0.1057530 + i -0.1873814
  012 /  0.1113233 /  0.0445888 + i  0.0763909
  013 / -0.1310835 / -0.1253934 + i -0.0348218
  014 / -0.2242420 / -0.1358768 + i -0.1133462
  015 / -0.2062666 /  0.0470981 + i -0.2179023
  016 /  0.1446111 /  0.0259869 + i  0.1190850
  017 /  0.2585632 /  0.3636436 + i  0.0000000
  018 / -0.0791817 /  0.0829517 + i -0.1246841
  019 / -0.3721349 / -0.1209352 + i -0.2596519
  020 / -0.2276530 / -0.0125475 + i -0.1971008


[12-th vec]:

index / Schur vector (ScaLapackLite) / eig vector (LAPACK)
  001 /  0.0828131 / -0.0225749 + i  0.1395610
  002 / -0.2191035 / -0.1541793 + i -0.0127265
  003 / -0.1246190 /  0.1047253 + i -0.2916793
  004 /  0.1162203 /  0.1791237 + i -0.1284537
  005 /  0.3143107 /  0.2802611 + i -0.0476209
  006 / -0.0682430 / -0.1335636 + i  0.1315392
  007 / -0.4838105 / -0.2639935 + i -0.1517277
  008 /  0.1299051 /  0.1063674 + i -0.0005905
  009 / -0.0612688 /  0.0711674 + i -0.1672492
  010 / -0.4266002 / -0.1066207 + i -0.3231487
  011 /  0.0164546 / -0.1057530 + i  0.1873814
  012 / -0.0171572 /  0.0445888 + i -0.0763909
  013 / -0.1411295 / -0.1253934 + i  0.0348218
  014 / -0.0879099 / -0.1358768 + i  0.1133462
  015 /  0.2405142 /  0.0470981 + i  0.2179023
  016 / -0.0774671 /  0.0259869 + i -0.1190850
  017 /  0.4663175 /  0.3636436 + i  -0.0000000
  018 /  0.2069753 /  0.0829517 + i  0.1246841
  019 /  0.0584006 / -0.1209352 + i  0.2596519
  020 /  0.1421275 / -0.0125475 + i  0.1971008


[13-th vec]:

index / Schur vector (ScaLapackLite) / eig vector (LAPACK)
  001 / -0.2504822 / -0.1780725 + i -0.2723933
  002 /  0.4006257 / -0.0212385 + i  0.0436915
  003 /  0.1711033 / -0.0770275 + i  0.0807699
  004 /  0.3469576 /  0.0281341 + i  0.2326607
  005 / -0.0093735 /  0.0018359 + i -0.0125305
  006 /  0.2096478 /  0.3932472 + i  0.0000000
  007 / -0.1571064 / -0.0723435 + i -0.0557275
  008 / -0.2746083 / -0.0164178 + i  0.0407574
  009 /  0.0329098 / -0.1686437 + i  0.2805633
  010 / -0.2943109 / -0.1008358 + i -0.2974615
  011 /  0.0971208 /  0.1185422 + i -0.0610977
  012 /  0.2635331 /  0.0566647 + i -0.0464772
  013 /  0.2318793 / -0.1835647 + i  0.0371435
  014 / -0.1359069 / -0.1568401 + i -0.1925190
  015 /  0.1709499 /  0.1865272 + i  0.1584475
  016 / -0.1747338 / -0.2566875 + i  0.0973052
  017 /  0.0156884 / -0.0865371 + i  0.1227611
  018 / -0.4190105 /  0.0876818 + i  0.1101164
  019 /  0.0466734 /  0.3523422 + i -0.1454938
  020 / -0.0799791 /  0.1030707 + i -0.0035356


[14-th vec]:

index / Schur vector (ScaLapackLite) / eig vector (LAPACK)
  001 / -0.0566603 / -0.1780725 + i  0.2723933
  002 /  0.0511325 / -0.0212385 + i -0.0436915
  003 /  0.3762147 / -0.0770275 + i -0.0807699
  004 /  0.0755076 /  0.0281341 + i -0.2326607
  005 /  0.1841928 /  0.0018359 + i  0.0125305
  006 /  0.0309255 /  0.3932472 + i  -0.0000000
  007 / -0.1585963 / -0.0723435 + i  0.0557275
  008 /  0.0124652 / -0.0164178 + i -0.0407574
  009 / -0.6489942 / -0.1686437 + i -0.2805633
  010 /  0.3290394 / -0.1008358 + i  0.2974615
  011 /  0.1791383 /  0.1185422 + i  0.0610977
  012 /  0.0327464 /  0.0566647 + i  0.0464772
  013 / -0.1057980 / -0.1835647 + i -0.0371435
  014 / -0.1125822 / -0.1568401 + i  0.1925190
  015 / -0.0046903 /  0.1865272 + i -0.1584475
  016 / -0.3027615 / -0.2566875 + i -0.0973052
  017 / -0.1835489 / -0.0865371 + i -0.1227611
  018 /  0.2513695 /  0.0876818 + i -0.1101164
  019 /  0.1073994 /  0.3523422 + i  0.1454938
  020 / -0.0124680 /  0.1030707 + i  0.0035356


[15-th vec]:

index / Schur vector (ScaLapackLite) / eig vector (LAPACK)
  001 / -0.0993577 / -0.1956756 + i -0.0000934
  002 / -0.1607589 /  0.1454502 + i  0.0803787
  003 /  0.2413730 /  0.2762320 + i -0.0246127
  004 / -0.4493530 /  0.0493811 + i  0.1713225
  005 /  0.0815205 /  0.0271033 + i -0.0603986
  006 /  0.3882247 / -0.1922545 + i -0.1938810
  007 /  0.0747280 / -0.0865726 + i  0.0460764
  008 / -0.0018732 /  0.1961764 + i -0.0246347
  009 /  0.2118720 /  0.1261789 + i -0.0613463
  010 / -0.0194879 / -0.4151295 + i  0.1230660
  011 / -0.0558411 /  0.1317798 + i -0.0275289
  012 /  0.0751636 / -0.0508088 + i -0.0160202
  013 / -0.2891129 / -0.0811681 + i  0.1258671
  014 / -0.3308735 / -0.1937951 + i  0.1212911
  015 / -0.0980547 /  0.0499352 + i -0.0463719
  016 / -0.2298029 /  0.1554488 + i  0.1223862
  017 /  0.0292486 /  0.0689424 + i -0.0693659
  018 / -0.2076898 /  0.4457187 + i  0.0000000
  019 /  0.0657675 / -0.2423343 + i -0.0930332
  020 /  0.4281505 /  0.1061674 + i -0.2534929


[16-th vec]:

index / Schur vector (ScaLapackLite) / eig vector (LAPACK)
  001 / -0.2608452 / -0.1956756 + i  0.0000934
  002 /  0.1869945 /  0.1454502 + i -0.0803787
  003 / -0.0324183 /  0.2762320 + i  0.0246127
  004 /  0.3445888 /  0.0493811 + i -0.1713225
  005 / -0.2738278 /  0.0271033 + i  0.0603986
  006 /  0.1242257 / -0.1922545 + i  0.1938810
  007 /  0.1232716 / -0.0865726 + i -0.0460764
  008 /  0.0545308 /  0.1961764 + i  0.0246347
  009 /  0.2099942 /  0.1261789 + i  0.0613463
  010 / -0.1800753 / -0.4151295 + i -0.1230660
  011 /  0.0299139 /  0.1317798 + i  0.0275289
  012 / -0.1550292 / -0.0508088 + i  0.0160202
  013 / -0.1856034 / -0.0811681 + i -0.1258671
  014 / -0.2854662 / -0.1937951 + i -0.1212911
  015 / -0.0092603 /  0.0499352 + i  0.0463719
  016 / -0.0394214 /  0.1554488 + i -0.1223862
  017 / -0.1915423 /  0.0689424 + i  0.0693659
  018 /  0.5841347 /  0.4457187 + i  -0.0000000
  019 / -0.1945480 / -0.2423343 + i  0.0930332
  020 /  0.1839390 /  0.1061674 + i  0.2534929


[17-th vec]:

index / Schur vector (ScaLapackLite) / eig vector (LAPACK)
  001 /  0.3788165 /  0.2745847 + i -0.0761381
  002 /  0.3594108 /  0.2324898 + i  0.0968027
  003 / -0.1614095 /  0.1001436 + i -0.0019267
  004 /  0.0439849 / -0.4374669 + i  0.0000000
  005 / -0.0108244 /  0.0814361 + i -0.0172576
  006 / -0.1002655 / -0.0851296 + i -0.0510869
  007 / -0.0466586 / -0.1003067 + i -0.0282056
  008 / -0.0371685 /  0.0513744 + i  0.1032963
  009 / -0.0040579 / -0.0573745 + i  0.0065673
  010 / -0.0971939 / -0.3649497 + i -0.2346646
  011 /  0.1782341 /  0.2924083 + i  0.1224638
  012 /  0.4281912 /  0.2834641 + i  0.0648112
  013 / -0.4235492 / -0.2096455 + i -0.1385259
  014 /  0.0788750 /  0.0644459 + i -0.0331589
  015 / -0.5133049 / -0.2414057 + i -0.0054024
  016 / -0.0644609 / -0.0158231 + i  0.0812074
  017 /  0.0567710 /  0.0675874 + i -0.0036299
  018 /  0.0045455 / -0.0711244 + i  0.1986369
  019 / -0.0565925 /  0.0327770 + i  0.0270982
  020 /  0.0364473 /  0.2237415 + i -0.0432232


[18-th vec]:

index / Schur vector (ScaLapackLite) / eig vector (LAPACK)
  001 / -0.3770693 /  0.2745847 + i  0.0761381
  002 / -0.0904103 /  0.2324898 + i -0.0968027
  003 / -0.0998920 /  0.1001436 + i  0.0019267
  004 / -0.0484236 / -0.4374669 + i  -0.0000000
  005 /  0.0486818 /  0.0814361 + i  0.0172576
  006 /  0.1455172 / -0.0851296 + i  0.0510869
  007 /  0.1317932 / -0.1003067 + i  0.0282056
  008 /  0.2334662 /  0.0513744 + i -0.1032963
  009 /  0.0167080 / -0.0573745 + i -0.0065673
  010 / -0.0807527 / -0.3649497 + i  0.2346646
  011 /  0.0788751 /  0.2924083 + i -0.1224638
  012 /  0.2665029 /  0.2834641 + i -0.0648112
  013 / -0.3722268 / -0.2096455 + i  0.1385259
  014 / -0.0173172 /  0.0644459 + i  0.0331589
  015 /  0.0773800 / -0.2414057 + i  0.0054024
  016 /  0.2374286 / -0.0158231 + i -0.0812074
  017 / -0.0393834 /  0.0675874 + i  0.0036299
  018 /  0.0470811 / -0.0711244 + i -0.1986369
  019 /  0.4589839 /  0.0327770 + i -0.0270982
  020 / -0.4921470 /  0.2237415 + i  0.0432232


[19-th vec]:

index / Schur vector (ScaLapackLite) / eig vector (LAPACK)
  001 /  0.1189984 /  0.0951839 + i  0.0000000
  002 / -0.2095603 / -0.1310653 + i  0.0000000
  003 / -0.4391640 / -0.4516527 + i  0.0000000
  004 /  0.4567260 /  0.3413794 + i  0.0000000
  005 / -0.0062183 / -0.1573262 + i  0.0000000
  006 /  0.3441289 /  0.3633502 + i  0.0000000
  007 /  0.0016666 /  0.1326712 + i  0.0000000
  008 / -0.1623669 / -0.2192579 + i  0.0000000
  009 /  0.0476071 /  0.0091948 + i  0.0000000
  010 /  0.4365486 /  0.4795491 + i  0.0000000
  011 / -0.2656040 / -0.2278354 + i  0.0000000
  012 / -0.0011771 / -0.0317291 + i  0.0000000
  013 / -0.1236368 / -0.0703833 + i  0.0000000
  014 / -0.0158185 /  0.0268031 + i  0.0000000
  015 /  0.0108284 / -0.0499013 + i  0.0000000
  016 / -0.2673715 / -0.2668143 + i  0.0000000
  017 /  0.0882030 / -0.1110091 + i  0.0000000
  018 / -0.0874188 / -0.1504746 + i  0.0000000
  019 /  0.1716821 /  0.1819744 + i  0.0000000
  020 /  0.0143361 / -0.0195231 + i  0.0000000


[20-th vec]:

index / Schur vector (ScaLapackLite) / eig vector (LAPACK)
  001 / -0.2103798 / -0.2103798 + i  0.0000000
  002 / -0.1903588 / -0.1903588 + i  0.0000000
  003 / -0.2485210 / -0.2485210 + i  0.0000000
  004 / -0.1646344 / -0.1646344 + i  0.0000000
  005 / -0.2508085 / -0.2508085 + i  0.0000000
  006 / -0.1996525 / -0.1996525 + i  0.0000000
  007 / -0.2385196 / -0.2385196 + i  0.0000000
  008 / -0.2109855 / -0.2109855 + i  0.0000000
  009 / -0.2540230 / -0.2540230 + i  0.0000000
  010 / -0.2379149 / -0.2379149 + i  0.0000000
  011 / -0.1909130 / -0.1909130 + i  0.0000000
  012 / -0.2435973 / -0.2435973 + i  0.0000000
  013 / -0.2035423 / -0.2035423 + i  0.0000000
  014 / -0.2248686 / -0.2248686 + i  0.0000000
  015 / -0.2254047 / -0.2254047 + i  0.0000000
  016 / -0.2248117 / -0.2248117 + i  0.0000000
  017 / -0.1896152 / -0.1896152 + i  0.0000000
  018 / -0.2221306 / -0.2221306 + i  0.0000000
  019 / -0.2060659 / -0.2060659 + i  0.0000000
  020 / -0.2973946 / -0.2973946 + i  0.0000000

